This file contains any messages produced by compilers while
running configure, to aid debugging if configure makes a mistake.

It was created by GNU C Library configure (see version.h), which was
generated by GNU Autoconf 2.61.  Invocation command line was

  $ ./glibc/configure --prefix=/home/huniu/usr/local/glibc --host=arm-none-linux-gnueabi

## --------- ##
## Platform. ##
## --------- ##

hostname = huniu-pc
uname -m = i686
uname -r = 3.2.0-33-generic-pae
uname -s = Linux
uname -v = #52-Ubuntu SMP Thu Oct 18 16:39:21 UTC 2012

/usr/bin/uname -p = unknown
/bin/uname -X     = unknown

/bin/arch              = unknown
/usr/bin/arch -k       = unknown
/usr/convex/getsysinfo = unknown
/usr/bin/hostinfo      = unknown
/bin/machine           = unknown
/usr/bin/oslevel       = unknown
/bin/universe          = unknown

PATH: /home/huniu/bin
PATH: /usr/lib/lightdm/lightdm
PATH: /usr/local/sbin
PATH: /usr/local/bin
PATH: /usr/sbin
PATH: /usr/bin
PATH: /sbin
PATH: /bin
PATH: /usr/games
PATH: /home/huniu/bin
PATH: /home/huniu/usr/local/arm/4.3.2/bin
PATH: /home/huniu/usr/local/eclipse


## ----------- ##
## Core tests. ##
## ----------- ##

configure:2182: checking build system type
configure:2200: result: i686-pc-linux-gnu
configure:2222: checking host system type
configure:2237: result: arm-none-linux-gnueabi
configure:2417: running configure fragment for add-on nptl
configure:2554: checking sysdep dirs
configure:2790: result: sysdeps/generic/elf sysdeps/generic
configure:2868: checking for a BSD-compatible install
configure:2924: result: /usr/bin/install -c
configure:2939: checking whether ln -s works
configure:2943: result: yes
configure:2959: checking for arm-none-linux-gnueabi-gcc
configure:2975: found /home/huniu/usr/local/arm/4.3.2/bin/arm-none-linux-gnueabi-gcc
configure:2986: result: arm-none-linux-gnueabi-gcc
configure:3264: checking for C compiler version
configure:3271: arm-none-linux-gnueabi-gcc --version >&5
arm-none-linux-gnueabi-gcc (Sourcery G++ Lite 2008q3-72) 4.3.2
Copyright (C) 2008 Free Software Foundation, Inc.
This is free software; see the source for copying conditions.  There is NO
warranty; not even for MERCHANTABILITY or FITNESS FOR A PARTICULAR PURPOSE.

configure:3274: $? = 0
configure:3281: arm-none-linux-gnueabi-gcc -v >&5
Using built-in specs.
Target: arm-none-linux-gnueabi
Configured with: /scratch/julian/lite-respin/linux/src/gcc-4.3/configure --build=i686-pc-linux-gnu --host=i686-pc-linux-gnu --target=arm-none-linux-gnueabi --enable-threads --disable-libmudflap --disable-libssp --disable-libstdcxx-pch --with-gnu-as --with-gnu-ld --enable-languages=c,c++ --enable-shared --enable-symvers=gnu --enable-__cxa_atexit --with-pkgversion='Sourcery G++ Lite 2008q3-72' --with-bugurl=https://support.codesourcery.com/GNUToolchain/ --disable-nls --prefix=/opt/codesourcery --with-sysroot=/opt/codesourcery/arm-none-linux-gnueabi/libc --with-build-sysroot=/scratch/julian/lite-respin/linux/install/arm-none-linux-gnueabi/libc --with-gmp=/scratch/julian/lite-respin/linux/obj/host-libs-2008q3-72-arm-none-linux-gnueabi-i686-pc-linux-gnu/usr --with-mpfr=/scratch/julian/lite-respin/linux/obj/host-libs-2008q3-72-arm-none-linux-gnueabi-i686-pc-linux-gnu/usr --disable-libgomp --enable-poison-system-directories --with-build-time-tools=/scratch/julian/lite-respin/linux/install/arm-none-linux-gnueabi/bin --with-build-time-tools=/scratch/julian/lite-respin/linux/install/arm-none-linux-gnueabi/bin
Thread model: posix
gcc version 4.3.2 (Sourcery G++ Lite 2008q3-72) 
configure:3284: $? = 0
configure:3291: arm-none-linux-gnueabi-gcc -V >&5
arm-none-linux-gnueabi-gcc: '-V' option must have argument
configure:3294: $? = 1
configure:3298: checking for suffix of object files
configure:3324: arm-none-linux-gnueabi-gcc -c   conftest.c >&5
configure:3327: $? = 0
configure:3350: result: o
configure:3354: checking whether we are using the GNU C compiler
configure:3383: arm-none-linux-gnueabi-gcc -c   conftest.c >&5
configure:3389: $? = 0
configure:3406: result: yes
configure:3411: checking whether arm-none-linux-gnueabi-gcc accepts -g
configure:3441: arm-none-linux-gnueabi-gcc -c -g  conftest.c >&5
configure:3447: $? = 0
configure:3546: result: yes
configure:3563: checking for arm-none-linux-gnueabi-gcc option to accept ISO C89
configure:3637: arm-none-linux-gnueabi-gcc  -c -g -O2  conftest.c >&5
configure:3643: $? = 0
configure:3666: result: none needed
configure:3689: checking for gcc
configure:3705: found /usr/bin/gcc
configure:3716: result: gcc
configure:3734: checking how to run the C preprocessor
configure:3774: arm-none-linux-gnueabi-gcc -E  conftest.c
configure:3780: $? = 0
configure:3811: arm-none-linux-gnueabi-gcc -E  conftest.c
conftest.c:8:28: error: ac_nonexistent.h: No such file or directory
configure:3817: $? = 1
configure: failed program was:
| /* confdefs.h.  */
| #define PACKAGE_NAME "GNU C Library"
| #define PACKAGE_TARNAME "c-library"
| #define PACKAGE_VERSION "(see version.h)"
| #define PACKAGE_STRING "GNU C Library (see version.h)"
| #define PACKAGE_BUGREPORT "glibc"
| /* end confdefs.h.  */
| #include <ac_nonexistent.h>
configure:3850: result: arm-none-linux-gnueabi-gcc -E
configure:3879: arm-none-linux-gnueabi-gcc -E  conftest.c
configure:3885: $? = 0
configure:3916: arm-none-linux-gnueabi-gcc -E  conftest.c
conftest.c:8:28: error: ac_nonexistent.h: No such file or directory
configure:3922: $? = 1
configure: failed program was:
| /* confdefs.h.  */
| #define PACKAGE_NAME "GNU C Library"
| #define PACKAGE_TARNAME "c-library"
| #define PACKAGE_VERSION "(see version.h)"
| #define PACKAGE_STRING "GNU C Library (see version.h)"
| #define PACKAGE_BUGREPORT "glibc"
| /* end confdefs.h.  */
| #include <ac_nonexistent.h>
configure:3974: checking for arm-none-linux-gnueabi-g++
configure:3990: found /home/huniu/usr/local/arm/4.3.2/bin/arm-none-linux-gnueabi-g++
configure:4001: result: arm-none-linux-gnueabi-g++
configure:4076: checking for C++ compiler version
configure:4083: arm-none-linux-gnueabi-g++ --version >&5
arm-none-linux-gnueabi-g++ (Sourcery G++ Lite 2008q3-72) 4.3.2
Copyright (C) 2008 Free Software Foundation, Inc.
This is free software; see the source for copying conditions.  There is NO
warranty; not even for MERCHANTABILITY or FITNESS FOR A PARTICULAR PURPOSE.

configure:4086: $? = 0
configure:4093: arm-none-linux-gnueabi-g++ -v >&5
Using built-in specs.
Target: arm-none-linux-gnueabi
Configured with: /scratch/julian/lite-respin/linux/src/gcc-4.3/configure --build=i686-pc-linux-gnu --host=i686-pc-linux-gnu --target=arm-none-linux-gnueabi --enable-threads --disable-libmudflap --disable-libssp --disable-libstdcxx-pch --with-gnu-as --with-gnu-ld --enable-languages=c,c++ --enable-shared --enable-symvers=gnu --enable-__cxa_atexit --with-pkgversion='Sourcery G++ Lite 2008q3-72' --with-bugurl=https://support.codesourcery.com/GNUToolchain/ --disable-nls --prefix=/opt/codesourcery --with-sysroot=/opt/codesourcery/arm-none-linux-gnueabi/libc --with-build-sysroot=/scratch/julian/lite-respin/linux/install/arm-none-linux-gnueabi/libc --with-gmp=/scratch/julian/lite-respin/linux/obj/host-libs-2008q3-72-arm-none-linux-gnueabi-i686-pc-linux-gnu/usr --with-mpfr=/scratch/julian/lite-respin/linux/obj/host-libs-2008q3-72-arm-none-linux-gnueabi-i686-pc-linux-gnu/usr --disable-libgomp --enable-poison-system-directories --with-build-time-tools=/scratch/julian/lite-respin/linux/install/arm-none-linux-gnueabi/bin --with-build-time-tools=/scratch/julian/lite-respin/linux/install/arm-none-linux-gnueabi/bin
Thread model: posix
gcc version 4.3.2 (Sourcery G++ Lite 2008q3-72) 
configure:4096: $? = 0
configure:4103: arm-none-linux-gnueabi-g++ -V >&5
arm-none-linux-gnueabi-g++: '-V' option must have argument
configure:4106: $? = 1
configure:4109: checking whether we are using the GNU C++ compiler
configure:4138: arm-none-linux-gnueabi-g++ -c   conftest.cpp >&5
configure:4144: $? = 0
configure:4161: result: yes
configure:4166: checking whether arm-none-linux-gnueabi-g++ accepts -g
configure:4196: arm-none-linux-gnueabi-g++ -c -g  conftest.cpp >&5
configure:4202: $? = 0
configure:4301: result: yes
configure:4444: checking whether /home/huniu/usr/local/arm/4.3.2/bin/../lib/gcc/arm-none-linux-gnueabi/4.3.2/../../../../arm-none-linux-gnueabi/bin/as is GNU as
configure:4458: result: yes
configure:4463: checking whether /home/huniu/usr/local/arm/4.3.2/bin/../lib/gcc/arm-none-linux-gnueabi/4.3.2/../../../../arm-none-linux-gnueabi/bin/ld is GNU ld
configure:4477: result: yes
configure:4487: checking for /home/huniu/usr/local/arm/4.3.2/bin/../lib/gcc/arm-none-linux-gnueabi/4.3.2/../../../../arm-none-linux-gnueabi/bin/as
configure:4514: result: /home/huniu/usr/local/arm/4.3.2/bin/../lib/gcc/arm-none-linux-gnueabi/4.3.2/../../../../arm-none-linux-gnueabi/bin/as
configure:4529: checking version of /home/huniu/usr/local/arm/4.3.2/bin/../lib/gcc/arm-none-linux-gnueabi/4.3.2/../../../../arm-none-linux-gnueabi/bin/as
configure:4539: result: 2.18.50.20080215, ok
configure:4550: checking for /home/huniu/usr/local/arm/4.3.2/bin/../lib/gcc/arm-none-linux-gnueabi/4.3.2/../../../../arm-none-linux-gnueabi/bin/ld
configure:4577: result: /home/huniu/usr/local/arm/4.3.2/bin/../lib/gcc/arm-none-linux-gnueabi/4.3.2/../../../../arm-none-linux-gnueabi/bin/ld
configure:4592: checking version of /home/huniu/usr/local/arm/4.3.2/bin/../lib/gcc/arm-none-linux-gnueabi/4.3.2/../../../../arm-none-linux-gnueabi/bin/ld
configure:4602: result: 2.18.50.20080215, ok
configure:4617: checking for pwd
configure:4635: found /bin/pwd
configure:4648: result: /bin/pwd
configure:4668: checking for arm-none-linux-gnueabi-gcc
configure:4695: result: arm-none-linux-gnueabi-gcc
configure:4710: checking version of arm-none-linux-gnueabi-gcc
configure:4720: result: 4.3.2, ok
configure:4731: checking for gnumake
configure:4761: result: no
configure:4731: checking for gmake
configure:4761: result: no
configure:4731: checking for make
configure:4747: found /usr/bin/make
configure:4758: result: make
configure:4773: checking version of make
configure:4783: result: 3.81, ok
configure:4795: checking for gnumsgfmt
configure:4825: result: no
configure:4795: checking for gmsgfmt
configure:4825: result: no
configure:4795: checking for msgfmt
configure:4825: result: no
configure:4858: checking for makeinfo
configure:4888: result: no
configure:4921: checking for sed
configure:4937: found /bin/sed
configure:4948: result: sed
configure:4963: checking version of sed
configure:4973: result: 4.2.1, ok
configure:4985: checking for autoconf
configure:5015: result: no
configure:5059: WARNING:
*** These auxiliary programs are missing or incompatible versions: msgfmt makeinfo autoconf
*** some features will be disabled.
*** Check the INSTALL file for required versions.
configure:5088: checking whether ranlib is necessary
configure:5109: result: no
configure:5122: checking LD_LIBRARY_PATH variable
configure:5132: result: ok
configure:5146: checking whether GCC supports -static-libgcc
configure:5157: result: -static-libgcc
configure:5163: checking for bash
configure:5181: found /bin/bash
configure:5194: result: /bin/bash
configure:5269: checking for gawk
configure:5299: result: no
configure:5269: checking for mawk
configure:5285: found /usr/bin/mawk
configure:5296: result: mawk
configure:5309: checking for perl
configure:5327: found /usr/bin/perl
configure:5340: result: /usr/bin/perl
configure:5354: checking for install-info
configure:5373: found /usr/sbin/install-info
configure:5386: result: /usr/sbin/install-info
configure:5396: checking for bison
configure:5428: result: no
configure:5437: checking for signed size_t type
configure:5452: result: no
configure:5462: checking for libc-friendly stddef.h
configure:5496: arm-none-linux-gnueabi-gcc -c -g -O2  conftest.c >&5
conftest.c: In function 'main':
conftest.c:20: warning: incompatible implicit declaration of built-in function 'abort'
configure:5502: $? = 0
configure:5517: result: yes
configure:5524: checking whether we need to use -P to assemble .S files
configure:5534: arm-none-linux-gnueabi-gcc   -c conftest.S 1>&5
configure:5537: $? = 0
configure:5545: result: no
configure:5552: checking whether .text pseudo-op must be used
configure:5562: arm-none-linux-gnueabi-gcc  -c conftest.s 1>&5
configure:5565: $? = 0
configure:5576: result: yes
configure:5580: checking for assembler global-symbol directive
configure:5593: arm-none-linux-gnueabi-gcc  -c conftest.s 1>&5
configure:5596: $? = 0
configure:5604: result: .globl
configure:5617: checking for .set assembler directive
configure:5643: result: yes
configure:5652: checking for assembler .type directive prefix
configure:5668: arm-none-linux-gnueabi-gcc  -c conftest.s 1>&5
conftest.s: Assembler messages:
conftest.s:3: Error: unrecognized symbol type ""
configure:5671: $? = 1
configure:5668: arm-none-linux-gnueabi-gcc  -c conftest.s 1>&5
configure:5671: $? = 0
configure:5679: result: %
configure:5688: checking for .symver assembler directive
configure:5705: result: yes
configure:5707: checking for ld --version-script
configure:5733: arm-none-linux-gnueabi-gcc -g -O2  -shared
				-o conftest.so conftest.o
				-nostartfiles -nostdlib
				-Wl,--version-script,conftest.map
		       1>&5
configure:5736: $? = 0
configure:5751: result: yes
configure:5775: checking for .previous assembler directive
configure:5785: arm-none-linux-gnueabi-gcc -c  conftest.s 1>&5
configure:5788: $? = 0
configure:5796: result: yes
configure:5834: checking for .protected and .hidden assembler directive
configure:5846: arm-none-linux-gnueabi-gcc -c  conftest.s 1>&5
configure:5849: $? = 0
configure:5859: result: yes
configure:5863: checking whether __attribute__((visibility())) is supported
configure:5874: arm-none-linux-gnueabi-gcc -Werror -S conftest.c -o conftest.s 1>&5
configure:5877: $? = 0
configure:5888: result: yes
configure:5898: checking for broken __attribute__((visibility()))
configure:5910: arm-none-linux-gnueabi-gcc -Werror -S conftest.c -o conftest.s1>&5
configure:5913: $? = 0
configure:5922: result: no
configure:5931: checking for broken __attribute__((alias()))
configure:5946: arm-none-linux-gnueabi-gcc -Werror -S conftest.c -o conftest.s 1>&5
configure:5949: $? = 0
configure:5959: result: no
configure:5968: checking whether to put _rtld_local into .sdata section
configure:5982: result: no
configure:5992: checking for .preinit_array/.init_array/.fini_array support
configure:6005: arm-none-linux-gnueabi-gcc -g -O2   -o conftest conftest.c
		     -static -nostartfiles -nostdlib 1>&5
configure:6008: $? = 0
configure:6021: result: yes
configure:6029: checking for libunwind-support in compiler
configure:6046: result: no
configure:6056: checking for -z nodelete option
configure:6068: arm-none-linux-gnueabi-gcc -g -O2  
		     -fPIC -shared -o conftest.so conftest.c
		     -nostartfiles -nostdlib
		     -Wl,--enable-new-dtags,-z,nodelete 1>&5
configure:6071: $? = 0
configure:6082: result: yes
configure:6085: checking for -z nodlopen option
configure:6097: arm-none-linux-gnueabi-gcc -g -O2  
			-fPIC -shared -o conftest.so conftest.c
			-nostartfiles -nostdlib
			-Wl,--enable-new-dtags,-z,nodlopen 1>&5
configure:6100: $? = 0
configure:6111: result: yes
configure:6114: checking for -z initfirst option
configure:6126: arm-none-linux-gnueabi-gcc -g -O2  
			-fPIC -shared -o conftest.so conftest.c
			-nostartfiles -nostdlib
			-Wl,--enable-new-dtags,-z,initfirst 1>&5
configure:6129: $? = 0
configure:6140: result: yes
configure:6180: checking for -Bgroup option
configure:6191: arm-none-linux-gnueabi-gcc -g -O2  
			      -fPIC -shared -o conftest.so conftest.c
			      -Wl,-Bgroup -nostdlib 1>&5
configure:6194: $? = 0
configure:6203: result: yes
configure:6207: checking for libgcc_s suffix
configure:6221: result: 
configure:6225: checking for --as-needed option
configure:6237: arm-none-linux-gnueabi-gcc -g -O2  
			      -fPIC -shared -o conftest.so conftest.c
			      -lgcc_s -Wl,--as-needed
			      -nostdlib 1>&5
configure:6240: $? = 0
configure:6249: result: yes
configure:6254: checking whether --noexecstack is desirable for .S files
configure:6264: arm-none-linux-gnueabi-gcc -g -O2 
		     -S -o conftest.s conftest.c 1>&5
configure:6267: $? = 0
configure:6272: arm-none-linux-gnueabi-gcc  -Wa,--noexecstack
		       -c -o conftest.o conftest.s 1>&5
configure:6275: $? = 0
configure:6284: result: yes
configure:6291: checking for -z combreloc
configure:6305: arm-none-linux-gnueabi-gcc -g -O2  
			-fPIC -shared -o conftest.so conftest.c
			-nostdlib -nostartfiles
			-Wl,-z,combreloc 1>&5
configure:6308: $? = 0
configure:6321: result: yes
configure:6331: checking for -z execstack
configure:6343: arm-none-linux-gnueabi-gcc -g -O2  
			      -fPIC -shared -o conftest.so conftest.c
			      -Wl,-z,execstack -nostdlib
			      1>&5
configure:6346: $? = 0
configure:6355: result: yes
configure:6359: checking for -fpie
configure:6370: arm-none-linux-gnueabi-gcc -g -O2   -pie -fpie
			      -o conftest conftest.c 1>&5
configure:6373: $? = 0
configure:6382: result: yes
configure:6387: checking for --hash-style option
configure:6398: arm-none-linux-gnueabi-gcc -g -O2  
			      -fPIC -shared -o conftest.so conftest.c
			      -Wl,--hash-style=both -nostdlib 1>&5
configure:6401: $? = 0
configure:6410: result: yes
configure:6415: checking for -fno-toplevel-reorder -fno-section-anchors
configure:6425: arm-none-linux-gnueabi-gcc -g -O2  -S -fno-toplevel-reorder -fno-section-anchors
			    conftest.c 1>&5
configure:6428: $? = 0
configure:6437: result: yes
configure:6446: checking for -fstack-protector
configure:6457: arm-none-linux-gnueabi-gcc -g -O2   -Werror -fstack-protector
			    -o conftest conftest.c 1>&5
configure:6460: $? = 0
configure:6469: result: yes
configure:6473: checking for -fgnu89-inline
configure:6488: arm-none-linux-gnueabi-gcc -g -O2  -S -std=gnu99 -fgnu89-inline
			    -o conftest.s conftest.c 1>&5
conftest.c:3: warning: return type defaults to 'int'
configure:6491: $? = 0
configure:6500: result: yes
configure:6570: checking whether cc puts quotes around section names
configure:6591: result: no
configure:6705: checking for assembler .weak directive
configure:6718: arm-none-linux-gnueabi-gcc  -c conftest.s 1>&5
configure:6721: $? = 0
configure:6729: result: yes
configure:6776: checking whether CFI directives are supported
configure:6795: arm-none-linux-gnueabi-gcc  -c conftest.s 1>&5
configure:6798: $? = 0
configure:6806: result: yes
configure:6815: checking for ld --no-whole-archive
configure:6828: arm-none-linux-gnueabi-gcc -g -O2  
			    -nostdlib -nostartfiles -Wl,--no-whole-archive
			    -o conftest conftest.c 1>&5
configure:6831: $? = 0
configure:6839: result: yes
configure:6845: checking for gcc -fexceptions
configure:6858: arm-none-linux-gnueabi-gcc -g -O2  
			    -nostdlib -nostartfiles -fexceptions
			    -o conftest conftest.c 1>&5
configure:6861: $? = 0
configure:6869: result: yes
configure:6935: checking for __builtin_expect
configure:6950: arm-none-linux-gnueabi-gcc -g -O2   -nostdlib -nostartfiles
			    -o conftest conftest.c -lgcc >&5
/home/huniu/usr/local/arm/4.3.2/bin/../lib/gcc/arm-none-linux-gnueabi/4.3.2/../../../../arm-none-linux-gnueabi/bin/ld: warning: cannot find entry symbol _start; defaulting to 00008074
configure:6953: $? = 0
configure:6961: result: yes
configure:6970: checking for __builtin_memset
configure:6982: arm-none-linux-gnueabi-gcc -O3 -S conftest.c -o - | fgrep memset > /dev/null
configure:6985: $? = 0
configure:6994: result: no
configure:7003: checking for redirection of built-in functions
configure:7016: arm-none-linux-gnueabi-gcc -O3 -S conftest.c -o - | fgrep my_strstr > /dev/null
configure:7019: $? = 0
configure:7028: result: yes
configure:7038: checking for __thread
configure:7047: arm-none-linux-gnueabi-gcc -g -O2  -c conftest.c >&5
configure:7050: $? = 0
configure:7058: result: yes
configure:7071: checking for tls_model attribute
configure:7080: arm-none-linux-gnueabi-gcc -g -O2  -S -Werror conftest.c >&5
configure:7083: $? = 0
configure:7091: result: yes
configure:7130: checking for libgd
configure:7160: arm-none-linux-gnueabi-gcc -o conftest -g -O2     conftest.c  -lgd -lpng -lz -lm >&5
conftest.c:21:16: error: gd.h: No such file or directory
configure:7166: $? = 1
configure: failed program was:
| /* confdefs.h.  */
| #define PACKAGE_NAME "GNU C Library"
| #define PACKAGE_TARNAME "c-library"
| #define PACKAGE_VERSION "(see version.h)"
| #define PACKAGE_STRING "GNU C Library (see version.h)"
| #define PACKAGE_BUGREPORT "glibc"
| #define ASM_GLOBAL_DIRECTIVE .globl
| #define HAVE_ASM_SET_DIRECTIVE 1
| #define ASM_TYPE_DIRECTIVE_PREFIX %
| #define DO_VERSIONING 1
| #define HAVE_ASM_PREVIOUS_DIRECTIVE 1
| #define HAVE_Z_COMBRELOC 1
| #define NO_UNDERSCORES 1
| #define HAVE_ASM_WEAK_DIRECTIVE 1
| #define HAVE_ASM_CFI_DIRECTIVES 1
| #define HAVE_BUILTIN_EXPECT 1
| #define HAVE_BUILTIN_REDIRECTION 1
| #define HAVE___THREAD 1
| #define HAVE_TLS_MODEL_ATTRIBUTE 1
| /* end confdefs.h.  */
| #include <gd.h>
| int
| main ()
| {
| gdImagePng (0, 0)
|   ;
|   return 0;
| }
configure:7188: result: no
configure:7197: checking for is_selinux_enabled in -lselinux
configure:7232: arm-none-linux-gnueabi-gcc -o conftest -g -O2   conftest.c -lselinux   >&5
/home/huniu/usr/local/arm/4.3.2/bin/../lib/gcc/arm-none-linux-gnueabi/4.3.2/../../../../arm-none-linux-gnueabi/bin/ld: cannot find -lselinux
collect2: ld returned 1 exit status
configure:7238: $? = 1
configure: failed program was:
| /* confdefs.h.  */
| #define PACKAGE_NAME "GNU C Library"
| #define PACKAGE_TARNAME "c-library"
| #define PACKAGE_VERSION "(see version.h)"
| #define PACKAGE_STRING "GNU C Library (see version.h)"
| #define PACKAGE_BUGREPORT "glibc"
| #define ASM_GLOBAL_DIRECTIVE .globl
| #define HAVE_ASM_SET_DIRECTIVE 1
| #define ASM_TYPE_DIRECTIVE_PREFIX %
| #define DO_VERSIONING 1
| #define HAVE_ASM_PREVIOUS_DIRECTIVE 1
| #define HAVE_Z_COMBRELOC 1
| #define NO_UNDERSCORES 1
| #define HAVE_ASM_WEAK_DIRECTIVE 1
| #define HAVE_ASM_CFI_DIRECTIVES 1
| #define HAVE_BUILTIN_EXPECT 1
| #define HAVE_BUILTIN_REDIRECTION 1
| #define HAVE___THREAD 1
| #define HAVE_TLS_MODEL_ATTRIBUTE 1
| /* end confdefs.h.  */
| 
| /* Override any GCC internal prototype to avoid an error.
|    Use char because int might match the return type of a GCC
|    builtin and then its argument prototype would still apply.  */
| #ifdef __cplusplus
| extern "C"
| #endif
| char is_selinux_enabled ();
| int
| main ()
| {
| return is_selinux_enabled ();
|   ;
|   return 0;
| }
configure:7256: result: no
configure:7490: checking for grep that handles long lines and -e
configure:7564: result: /bin/grep
configure:7569: checking for egrep
configure:7647: result: /bin/grep -E
configure:7652: checking for ANSI C header files
configure:7682: arm-none-linux-gnueabi-gcc -c -g -O2  conftest.c >&5
configure:7688: $? = 0
configure:7787: arm-none-linux-gnueabi-gcc -o conftest -g -O2   conftest.c  >&5
configure:7790: $? = 0
configure:7796: ./conftest
./glibc/configure: line 7797: ./conftest: cannot execute binary file
configure:7799: $? = 126
configure: program exited with status 126
configure: failed program was:
| /* confdefs.h.  */
| #define PACKAGE_NAME "GNU C Library"
| #define PACKAGE_TARNAME "c-library"
| #define PACKAGE_VERSION "(see version.h)"
| #define PACKAGE_STRING "GNU C Library (see version.h)"
| #define PACKAGE_BUGREPORT "glibc"
| #define ASM_GLOBAL_DIRECTIVE .globl
| #define HAVE_ASM_SET_DIRECTIVE 1
| #define ASM_TYPE_DIRECTIVE_PREFIX %
| #define DO_VERSIONING 1
| #define HAVE_ASM_PREVIOUS_DIRECTIVE 1
| #define HAVE_Z_COMBRELOC 1
| #define NO_UNDERSCORES 1
| #define HAVE_ASM_WEAK_DIRECTIVE 1
| #define HAVE_ASM_CFI_DIRECTIVES 1
| #define HAVE_BUILTIN_EXPECT 1
| #define HAVE_BUILTIN_REDIRECTION 1
| #define HAVE___THREAD 1
| #define HAVE_TLS_MODEL_ATTRIBUTE 1
| /* end confdefs.h.  */
| #include <ctype.h>
| #include <stdlib.h>
| #if ((' ' & 0x0FF) == 0x020)
| # define ISLOWER(c) ('a' <= (c) && (c) <= 'z')
| # define TOUPPER(c) (ISLOWER(c) ? 'A' + ((c) - 'a') : (c))
| #else
| # define ISLOWER(c) 		   (('a' <= (c) && (c) <= 'i') 		     || ('j' <= (c) && (c) <= 'r') 		     || ('s' <= (c) && (c) <= 'z'))
| # define TOUPPER(c) (ISLOWER(c) ? ((c) | 0x40) : (c))
| #endif
| 
| #define XOR(e, f) (((e) && !(f)) || (!(e) && (f)))
| int
| main ()
| {
|   int i;
|   for (i = 0; i < 256; i++)
|     if (XOR (islower (i), ISLOWER (i))
| 	|| toupper (i) != TOUPPER (i))
|       return 2;
|   return 0;
| }
configure:7816: result: no
configure:7840: checking for sys/types.h
configure:7861: arm-none-linux-gnueabi-gcc -c -g -O2  conftest.c >&5
configure:7867: $? = 0
configure:7883: result: yes
configure:7840: checking for sys/stat.h
configure:7861: arm-none-linux-gnueabi-gcc -c -g -O2  conftest.c >&5
configure:7867: $? = 0
configure:7883: result: yes
configure:7840: checking for stdlib.h
configure:7861: arm-none-linux-gnueabi-gcc -c -g -O2  conftest.c >&5
configure:7867: $? = 0
configure:7883: result: yes
configure:7840: checking for string.h
configure:7861: arm-none-linux-gnueabi-gcc -c -g -O2  conftest.c >&5
configure:7867: $? = 0
configure:7883: result: yes
configure:7840: checking for memory.h
configure:7861: arm-none-linux-gnueabi-gcc -c -g -O2  conftest.c >&5
configure:7867: $? = 0
configure:7883: result: yes
configure:7840: checking for strings.h
configure:7861: arm-none-linux-gnueabi-gcc -c -g -O2  conftest.c >&5
configure:7867: $? = 0
configure:7883: result: yes
configure:7840: checking for inttypes.h
configure:7861: arm-none-linux-gnueabi-gcc -c -g -O2  conftest.c >&5
configure:7867: $? = 0
configure:7883: result: yes
configure:7840: checking for stdint.h
configure:7861: arm-none-linux-gnueabi-gcc -c -g -O2  conftest.c >&5
configure:7867: $? = 0
configure:7883: result: yes
configure:7840: checking for unistd.h
configure:7861: arm-none-linux-gnueabi-gcc -c -g -O2  conftest.c >&5
configure:7867: $? = 0
configure:7883: result: yes
configure:7895: checking for long double
configure:7925: arm-none-linux-gnueabi-gcc -c -g -O2  conftest.c >&5
configure:7931: $? = 0
configure:7946: result: yes
configure:7953: checking size of long double
configure:8255: arm-none-linux-gnueabi-gcc -o conftest -g -O2   conftest.c  >&5
configure:8258: $? = 0
configure:8264: ./conftest
./glibc/configure: line 8265: ./conftest: cannot execute binary file
configure:8267: $? = 126
configure: program exited with status 126
configure: failed program was:
| /* confdefs.h.  */
| #define PACKAGE_NAME "GNU C Library"
| #define PACKAGE_TARNAME "c-library"
| #define PACKAGE_VERSION "(see version.h)"
| #define PACKAGE_STRING "GNU C Library (see version.h)"
| #define PACKAGE_BUGREPORT "glibc"
| #define ASM_GLOBAL_DIRECTIVE .globl
| #define HAVE_ASM_SET_DIRECTIVE 1
| #define ASM_TYPE_DIRECTIVE_PREFIX %
| #define DO_VERSIONING 1
| #define HAVE_ASM_PREVIOUS_DIRECTIVE 1
| #define HAVE_Z_COMBRELOC 1
| #define NO_UNDERSCORES 1
| #define HAVE_ASM_WEAK_DIRECTIVE 1
| #define HAVE_ASM_CFI_DIRECTIVES 1
| #define HAVE_BUILTIN_EXPECT 1
| #define HAVE_BUILTIN_REDIRECTION 1
| #define HAVE___THREAD 1
| #define HAVE_TLS_MODEL_ATTRIBUTE 1
| #define HAVE_SYS_TYPES_H 1
| #define HAVE_SYS_STAT_H 1
| #define HAVE_STDLIB_H 1
| #define HAVE_STRING_H 1
| #define HAVE_MEMORY_H 1
| #define HAVE_STRINGS_H 1
| #define HAVE_INTTYPES_H 1
| #define HAVE_STDINT_H 1
| #define HAVE_UNISTD_H 1
| /* end confdefs.h.  */
| #include <stdio.h>
| #ifdef HAVE_SYS_TYPES_H
| # include <sys/types.h>
| #endif
| #ifdef HAVE_SYS_STAT_H
| # include <sys/stat.h>
| #endif
| #ifdef STDC_HEADERS
| # include <stdlib.h>
| # include <stddef.h>
| #else
| # ifdef HAVE_STDLIB_H
| #  include <stdlib.h>
| # endif
| #endif
| #ifdef HAVE_STRING_H
| # if !defined STDC_HEADERS && defined HAVE_MEMORY_H
| #  include <memory.h>
| # endif
| # include <string.h>
| #endif
| #ifdef HAVE_STRINGS_H
| # include <strings.h>
| #endif
| #ifdef HAVE_INTTYPES_H
| # include <inttypes.h>
| #endif
| #ifdef HAVE_STDINT_H
| # include <stdint.h>
| #endif
| #ifdef HAVE_UNISTD_H
| # include <unistd.h>
| #endif
|    typedef long double ac__type_sizeof_;
| static long int longval () { return (long int) (sizeof (ac__type_sizeof_)); }
| static unsigned long int ulongval () { return (long int) (sizeof (ac__type_sizeof_)); }
| #include <stdio.h>
| #include <stdlib.h>
| int
| main ()
| {
| 
|   FILE *f = fopen ("conftest.val", "w");
|   if (! f)
|     return 1;
|   if (((long int) (sizeof (ac__type_sizeof_))) < 0)
|     {
|       long int i = longval ();
|       if (i != ((long int) (sizeof (ac__type_sizeof_))))
| 	return 1;
|       fprintf (f, "%ld\n", i);
|     }
|   else
|     {
|       unsigned long int i = ulongval ();
|       if (i != ((long int) (sizeof (ac__type_sizeof_))))
| 	return 1;
|       fprintf (f, "%lu\n", i);
|     }
|   return ferror (f) || fclose (f) != 0;
| 
|   ;
|   return 0;
| }
configure:8278: error: cannot compute sizeof (long double)
See `config.log' for more details.

## ---------------- ##
## Cache variables. ##
## ---------------- ##

ac_cv_build=i686-pc-linux-gnu
ac_cv_c_compiler_gnu=yes
ac_cv_cxx_compiler_gnu=yes
ac_cv_env_CCC_set=
ac_cv_env_CCC_value=
ac_cv_env_CC_set=
ac_cv_env_CC_value=
ac_cv_env_CFLAGS_set=
ac_cv_env_CFLAGS_value=
ac_cv_env_CPPFLAGS_set=
ac_cv_env_CPPFLAGS_value=
ac_cv_env_CPP_set=
ac_cv_env_CPP_value=
ac_cv_env_CXXFLAGS_set=
ac_cv_env_CXXFLAGS_value=
ac_cv_env_CXX_set=
ac_cv_env_CXX_value=
ac_cv_env_LDFLAGS_set=
ac_cv_env_LDFLAGS_value=
ac_cv_env_LIBS_set=
ac_cv_env_LIBS_value=
ac_cv_env_build_alias_set=
ac_cv_env_build_alias_value=
ac_cv_env_host_alias_set=set
ac_cv_env_host_alias_value=arm-none-linux-gnueabi
ac_cv_env_target_alias_set=
ac_cv_env_target_alias_value=
ac_cv_header_inttypes_h=yes
ac_cv_header_memory_h=yes
ac_cv_header_stdc=no
ac_cv_header_stdint_h=yes
ac_cv_header_stdlib_h=yes
ac_cv_header_string_h=yes
ac_cv_header_strings_h=yes
ac_cv_header_sys_stat_h=yes
ac_cv_header_sys_types_h=yes
ac_cv_header_unistd_h=yes
ac_cv_host=arm-none-linux-gnueabi
ac_cv_lib_selinux_is_selinux_enabled=no
ac_cv_objext=o
ac_cv_path_BASH_SHELL=/bin/bash
ac_cv_path_BISON=no
ac_cv_path_EGREP='/bin/grep -E'
ac_cv_path_GREP=/bin/grep
ac_cv_path_INSTALL_INFO=/usr/sbin/install-info
ac_cv_path_PERL=/usr/bin/perl
ac_cv_path_PWD_P=/bin/pwd
ac_cv_path_install='/usr/bin/install -c'
ac_cv_prog_AS=/home/huniu/usr/local/arm/4.3.2/bin/../lib/gcc/arm-none-linux-gnueabi/4.3.2/../../../../arm-none-linux-gnueabi/bin/as
ac_cv_prog_AWK=mawk
ac_cv_prog_BUILD_CC=gcc
ac_cv_prog_CC=arm-none-linux-gnueabi-gcc
ac_cv_prog_CPP='arm-none-linux-gnueabi-gcc -E'
ac_cv_prog_CXX=arm-none-linux-gnueabi-g++
ac_cv_prog_LD=/home/huniu/usr/local/arm/4.3.2/bin/../lib/gcc/arm-none-linux-gnueabi/4.3.2/../../../../arm-none-linux-gnueabi/bin/ld
ac_cv_prog_MAKE=make
ac_cv_prog_SED=sed
ac_cv_prog_cc_c89=
ac_cv_prog_cc_g=yes
ac_cv_prog_cxx_g=yes
ac_cv_type_long_double=yes
libc_cv_Bgroup=yes
libc_cv_as_needed=yes
libc_cv_as_noexecstack=yes
libc_cv_asm_cfi_directives=yes
libc_cv_asm_global_directive=.globl
libc_cv_asm_previous_directive=yes
libc_cv_asm_protected_directive=yes
libc_cv_asm_set_directive=yes
libc_cv_asm_symver_directive=yes
libc_cv_asm_type_prefix=%
libc_cv_asm_underscores=no
libc_cv_asm_weak_directive=yes
libc_cv_broken_alias_attribute=no
libc_cv_broken_visibility_attribute=no
libc_cv_cc_with_libunwind=no
libc_cv_dot_text=.text
libc_cv_fno_toplevel_reorder=yes
libc_cv_fpie=yes
libc_cv_friendly_stddef=yes
libc_cv_gcc___thread=yes
libc_cv_gcc_builtin_expect=yes
libc_cv_gcc_builtin_memset=no
libc_cv_gcc_builtin_redirection=yes
libc_cv_gcc_exceptions=yes
libc_cv_gcc_static_libgcc=-static-libgcc
libc_cv_gcc_tls_model_attr=yes
libc_cv_gnu89_inline=-fgnu89-inline
libc_cv_hashstyle=yes
libc_cv_have_bash2=yes
libc_cv_have_ksh=yes
libc_cv_have_sdata_section=no
libc_cv_have_section_quotes=no
libc_cv_initfini_array=yes
libc_cv_ld_no_whole_archive=yes
libc_cv_ld_version_script_option=yes
libc_cv_libgcc_s_suffix=
libc_cv_need_minus_P=no
libc_cv_prog_as_gnu=yes
libc_cv_prog_ld_gnu=yes
libc_cv_ranlib_necessary=no
libc_cv_signed_size_t=no
libc_cv_ssp=yes
libc_cv_visibility_attribute=yes
libc_cv_weak_symbols=yes
libc_cv_z_combreloc=yes
libc_cv_z_execstack=yes
libc_cv_z_initfirst=yes
libc_cv_z_nodelete=yes
libc_cv_z_nodlopen=yes

## ----------------- ##
## Output variables. ##
## ----------------- ##

AR='/home/huniu/usr/local/arm/4.3.2/bin/../lib/gcc/arm-none-linux-gnueabi/4.3.2/../../../../arm-none-linux-gnueabi/bin/ar'
AS='/home/huniu/usr/local/arm/4.3.2/bin/../lib/gcc/arm-none-linux-gnueabi/4.3.2/../../../../arm-none-linux-gnueabi/bin/as'
ASFLAGS_config=' -Wa,--noexecstack'
AUTOCONF='no'
AWK='mawk'
BASH_SHELL='/bin/bash'
BISON='no'
BUILD_CC='gcc'
CC='arm-none-linux-gnueabi-gcc'
CFLAGS='-g -O2'
CPP='arm-none-linux-gnueabi-gcc -E'
CPPFLAGS=''
CXX='arm-none-linux-gnueabi-g++'
CXXFLAGS='-g -O2'
CXX_SYSINCLUDES=''
DEFINES=''
DEFS=''
ECHO_C=''
ECHO_N='-n'
ECHO_T=''
EGREP='/bin/grep -E'
GREP='/bin/grep'
INSTALL_DATA='${INSTALL} -m 644'
INSTALL_INFO='/usr/sbin/install-info'
INSTALL_PROGRAM='${INSTALL}'
INSTALL_SCRIPT='${INSTALL}'
KSH='/bin/bash'
LD='/home/huniu/usr/local/arm/4.3.2/bin/../lib/gcc/arm-none-linux-gnueabi/4.3.2/../../../../arm-none-linux-gnueabi/bin/ld'
LDFLAGS=''
LIBGD='no'
LIBOBJS=''
LIBS=''
LN_S='ln -s'
LTLIBOBJS=''
MAKE='make'
MAKEINFO=':'
MIG=''
MSGFMT=':'
OBJDUMP='/home/huniu/usr/local/arm/4.3.2/bin/../lib/gcc/arm-none-linux-gnueabi/4.3.2/../../../../arm-none-linux-gnueabi/bin/objdump'
OBJEXT='o'
PACKAGE_BUGREPORT='glibc'
PACKAGE_NAME='GNU C Library'
PACKAGE_STRING='GNU C Library (see version.h)'
PACKAGE_TARNAME='c-library'
PACKAGE_VERSION='(see version.h)'
PATH_SEPARATOR=':'
PERL='/usr/bin/perl'
PWD_P='/bin/pwd'
RANLIB=':'
RELEASE=''
SED='sed'
SHELL='/bin/bash'
SYSINCLUDES=''
VERSION=''
VERSIONING='yes'
ac_ct_CC=''
ac_ct_CXX=''
add_on_subdirs=''
add_ons='nptl'
all_warnings=''
base_machine='arm'
bindir='${exec_prefix}/bin'
bindnow='no'
bounded='no'
build='i686-pc-linux-gnu'
build_alias=''
build_cpu='i686'
build_os='linux-gnu'
build_vendor='pc'
cross_compiling='maybe'
datadir='${datarootdir}'
datarootdir='${prefix}/share'
docdir='${datarootdir}/doc/${PACKAGE_TARNAME}'
dvidir='${docdir}'
elf='yes'
enable_check_abi='no'
exceptions='-fexceptions'
exec_prefix='NONE'
fno_unit_at_a_time='-fno-toplevel-reorder -fno-section-anchors'
force_install='yes'
have_libaudit=''
have_libcap=''
have_selinux='no'
host='arm-none-linux-gnueabi'
host_alias='arm-none-linux-gnueabi'
host_cpu='arm'
host_os='linux-gnueabi'
host_vendor='none'
htmldir='${docdir}'
includedir='${prefix}/include'
infodir='${datarootdir}/info'
ldd_rewrite_script=''
libc_cv_Bgroup='yes'
libc_cv_as_needed='yes'
libc_cv_cc_submachine=''
libc_cv_cc_with_libunwind='no'
libc_cv_cpp_asm_debuginfo=''
libc_cv_forced_unwind=''
libc_cv_fpie='yes'
libc_cv_gcc_static_libgcc='-static-libgcc'
libc_cv_gcc_unwind_find_fde=''
libc_cv_gnu89_inline='-fgnu89-inline'
libc_cv_hashstyle='yes'
libc_cv_have_bash2='yes'
libc_cv_have_initfini=''
libc_cv_have_ksh='yes'
libc_cv_libgcc_s_suffix=''
libc_cv_localedir=''
libc_cv_rootsbindir=''
libc_cv_slibdir=''
libc_cv_ssp='yes'
libc_cv_sysconfdir=''
libc_cv_z_combreloc='yes'
libc_cv_z_execstack='yes'
libdir='${exec_prefix}/lib'
libexecdir='${exec_prefix}/libexec'
localedir='${datarootdir}/locale'
localstatedir='${prefix}/var'
mach_interface_list=''
mandir='${datarootdir}/man'
no_whole_archive='-Wl,--no-whole-archive'
nopic_initfini=''
old_glibc_headers=''
oldest_abi='default'
oldincludedir='/usr/include'
omitfp='no'
pdfdir='${docdir}'
pic_default=''
prefix='/home/huniu/usr/local/glibc'
profile='no'
program_transform_name='s,x,x,'
psdir='${docdir}'
sbindir='${exec_prefix}/sbin'
shared='default'
sharedstatedir='${prefix}/com'
sizeof_long_double=''
static='yes'
static_nss='no'
subdirs=' '
submachine=''
sysconfdir='${prefix}/etc'
sysdeps_add_ons=' nptl'
sysnames=' sysdeps/arm/elf sysdeps/unix/sysv/linux/arm/nptl sysdeps/unix/sysv/linux/arm nptl/sysdeps/unix/sysv/linux nptl/sysdeps/pthread sysdeps/pthread sysdeps/unix/sysv/linux sysdeps/gnu sysdeps/unix/common sysdeps/unix/mman sysdeps/unix/inet nptl/sysdeps/unix/sysv sysdeps/unix/sysv sysdeps/unix/arm nptl/sysdeps/unix sysdeps/unix sysdeps/posix sysdeps/arm/fpu sysdeps/arm/nptl sysdeps/arm sysdeps/wordsize-32 sysdeps/ieee754/flt-32 sysdeps/ieee754/dbl-64 sysdeps/ieee754 sysdeps/generic/elf sysdeps/generic'
target_alias=''
uname_release=''
uname_sysname=''
uname_version=''
use_ldconfig=''
with_cvs='yes'
with_fp='yes'
xcoff='no'

## ----------- ##
## confdefs.h. ##
## ----------- ##

#define PACKAGE_NAME "GNU C Library"
#define PACKAGE_TARNAME "c-library"
#define PACKAGE_VERSION "(see version.h)"
#define PACKAGE_STRING "GNU C Library (see version.h)"
#define PACKAGE_BUGREPORT "glibc"
#define ASM_GLOBAL_DIRECTIVE .globl
#define HAVE_ASM_SET_DIRECTIVE 1
#define ASM_TYPE_DIRECTIVE_PREFIX %
#define DO_VERSIONING 1
#define HAVE_ASM_PREVIOUS_DIRECTIVE 1
#define HAVE_Z_COMBRELOC 1
#define NO_UNDERSCORES 1
#define HAVE_ASM_WEAK_DIRECTIVE 1
#define HAVE_ASM_CFI_DIRECTIVES 1
#define HAVE_BUILTIN_EXPECT 1
#define HAVE_BUILTIN_REDIRECTION 1
#define HAVE___THREAD 1
#define HAVE_TLS_MODEL_ATTRIBUTE 1
#define HAVE_SYS_TYPES_H 1
#define HAVE_SYS_STAT_H 1
#define HAVE_STDLIB_H 1
#define HAVE_STRING_H 1
#define HAVE_MEMORY_H 1
#define HAVE_STRINGS_H 1
#define HAVE_INTTYPES_H 1
#define HAVE_STDINT_H 1
#define HAVE_UNISTD_H 1

configure: exit 77
